c:\users\admin\downloads\chat_sqlite(1)\chat_sqlite\release\chat_sqlite.ipdb
c:\users\admin\downloads\chat_sqlite(1)\chat_sqlite\release\chat_sqlite.iobj
c:\users\admin\downloads\chat_sqlite(1)\chat_sqlite\release\vc141.pdb
c:\users\admin\downloads\chat_sqlite(1)\chat_sqlite\release\stdafx.obj
c:\users\admin\downloads\chat_sqlite(1)\chat_sqlite\release\user.obj
c:\users\admin\downloads\chat_sqlite(1)\chat_sqlite\release\chat_main.obj
c:\users\admin\downloads\chat_sqlite(1)\chat_sqlite\release\sqlite3.obj
c:\users\admin\downloads\chat_sqlite(1)\chat_sqlite\release\controller.obj
c:\users\admin\downloads\chat_sqlite(1)\chat_sqlite\release\chat.obj
c:\users\admin\downloads\chat_sqlite(1)\chat_sqlite\release\chat_sqlite.exe
c:\users\admin\downloads\chat_sqlite(1)\chat_sqlite\release\chat_sqlite.pdb
d:\github\sboxweek4\chat_sqlite(1)\chat_sqlite\release\chat.obj
d:\github\sboxweek4\chat_sqlite(1)\chat_sqlite\release\chat_main.obj
d:\github\sboxweek4\chat_sqlite(1)\chat_sqlite\release\controller.obj
d:\github\sboxweek4\chat_sqlite(1)\chat_sqlite\release\sqlite3.obj
d:\github\sboxweek4\chat_sqlite(1)\chat_sqlite\release\stdafx.obj
d:\github\sboxweek4\chat_sqlite(1)\chat_sqlite\release\user.obj
d:\github\sboxweek4\chat_sqlite(1)\chat_sqlite\release\chat_sqlite.ipdb
d:\github\sboxweek4\chat_sqlite(1)\chat_sqlite\release\chat_sqlite.iobj
d:\github\sboxweek4\chat_sqlite(1)\chat_sqlite\release\chat_sqlite.pdb
d:\github\sboxweek4\chat_sqlite(1)\chat_sqlite\release\vc141.pdb
d:\github\sboxweek4\chat_sqlite(1)\chat_sqlite\release\chat_sqlite.exe
d:\github\sboxweek4\chat_sqlite(1)\chat_sqlite\release\chat_sqlite.tlog\chat_sqlite.write.1u.tlog
d:\github\sboxweek4\chat_sqlite(1)\chat_sqlite\release\chat_sqlite.tlog\cl.command.1.tlog
d:\github\sboxweek4\chat_sqlite(1)\chat_sqlite\release\chat_sqlite.tlog\cl.read.1.tlog
d:\github\sboxweek4\chat_sqlite(1)\chat_sqlite\release\chat_sqlite.tlog\cl.write.1.tlog
d:\github\sboxweek4\chat_sqlite(1)\chat_sqlite\release\chat_sqlite.tlog\link.command.1.tlog
d:\github\sboxweek4\chat_sqlite(1)\chat_sqlite\release\chat_sqlite.tlog\link.read.1.tlog
d:\github\sboxweek4\chat_sqlite(1)\chat_sqlite\release\chat_sqlite.tlog\link.write.1.tlog
